<?xml version="1.0" encoding="UTF-8"?>
<!-- Generated by org.testng.reporters.JUnitReportReporter -->
<testsuite skipped="0" hostname="Cuneyts-MacBook-Pro.local" name="blutvtests.NewTest" tests="1" failures="0" timestamp="19 Sep 2017 08:59:10 GMT" time="8.797" errors="0">
  <testcase name="login" time="8.797" classname="blutvtests.NewTest"/>
</testsuite> <!-- blutvtests.NewTest -->
