<?xml version="1.0" encoding="UTF-8"?>
<!-- Generated by org.testng.reporters.JUnitReportReporter -->
<testsuite skipped="0" hostname="DTVH-320233" name="example.NewTest" tests="3" failures="0" timestamp="12 Dec 2016 10:33:14 GMT" time="3.548" errors="0">
  <testcase name="testEasy" time="1.024" classname="example.NewTest"/>
  <testcase name="testEasy" time="1.253" classname="example.NewTest"/>
  <testcase name="testEasy" time="1.271" classname="example.NewTest"/>
</testsuite> <!-- example.NewTest -->
